<?xml version="1.0" encoding="UTF-8"?>
<!-- Generated by org.testng.reporters.JUnitReportReporter -->
<testsuite hostname="Anna-MXP" name="test.java.IncorrectRegistration_test" tests="11" failures="0" timestamp="25 Dec 2014 10:44:42 GMT" time="59.127" errors="0">
  <testcase name="checkBoxIsUnselected" time="3.710" classname="test.java.IncorrectRegistration_test"/>
  <testcase name="incorrectEmailFields" time="3.665" classname="test.java.IncorrectRegistration_test"/>
  <testcase name="incorrectEmailFields" time="3.995" classname="test.java.IncorrectRegistration_test"/>
  <testcase name="incorrectEmailFields" time="3.630" classname="test.java.IncorrectRegistration_test"/>
  <testcase name="alreadyExistInDataBaseEmail" time="4.721" classname="test.java.IncorrectRegistration_test"/>
  <testcase name="incorrectEmailFields" time="4.323" classname="test.java.IncorrectRegistration_test"/>
  <testcase name="incorrectEmailFields" time="19.528" classname="test.java.IncorrectRegistration_test"/>
  <testcase name="alreadyRegisterEmail" time="3.036" classname="test.java.IncorrectRegistration_test"/>
  <testcase name="incorrectEmailFields" time="4.049" classname="test.java.IncorrectRegistration_test"/>
  <testcase name="incorrectAllEmptyFields" time="3.822" classname="test.java.IncorrectRegistration_test"/>
  <testcase name="incorrectAllLongFields" time="4.648" classname="test.java.IncorrectRegistration_test"/>
</testsuite> <!-- test.java.IncorrectRegistration_test -->
